<?xml version="1.0" encoding="UTF-8"?>
<testsuites>
<testsuite name="_60_ClosedLoopValidation.clsmTestSuite" tests="1" errors="0" failures="0">
<testcase name="completeSystem_SimulationBlock____blockunittest__0_testCase_0"  assertions="0" classname="completeSystem_SimulationBlock____blockunittest__0_testCase_0">

<system-out>
runningTest: running test (location=@Closed_Loop_Simulation_Models:completeSystem_SimulationBlock____blockunittest__0?null) 
</system-out><system-err>
</system-err>
</testcase>
</testsuite>
</testsuites>